<?xml version="1.0" encoding="UTF-8"?>
<testsuite xmlns:xsi="http://www.w3.org/2001/XMLSchema-instance" xsi:noNamespaceSchemaLocation="https://maven.apache.org/surefire/maven-surefire-plugin/xsd/surefire-test-report-3.0.xsd" version="3.0" name="org.example.springbootfinalproject.SpringBootFinalProjectApplicationTests" time="4.711" tests="1" errors="0" skipped="0" failures="0">
  <properties>
[...]
</properties>
  <testcase name="contextLoads" classname="org.example.springbootfinalproject.SpringBootFinalProjectApplicationTests" time="0.34">
    <system-out><![CDATA[17:02:42.911 [main] INFO org.springframework.test.context.support.AnnotationConfigContextLoaderUtils -- Could not detect default configuration classes for test class [org.example.springbootfinalproject.SpringBootFinalProjectApplicationTests]: SpringBootFinalProjectApplicationTests does not declare any static, non-private, non-final, nested classes annotated with @Configuration.
17:02:42.989 [main] INFO org.springframework.boot.test.context.SpringBootTestContextBootstrapper -- Found @SpringBootConfiguration org.example.springbootfinalproject.SpringBootFinalProjectApplication for test class org.example.springbootfinalproject.SpringBootFinalProjectApplicationTests
17:02:43.127 [main] INFO org.springframework.boot.devtools.restart.RestartApplicationListener -- Restart disabled due to context in which it is running

  .   ____          _            __ _ _
 /\\ / ___'_ __ _ _(_)_ __  __ _ \ \ \ \
( ( )\___ | '_ | '_| | '_ \/ _` | \ \ \ \
 \\/  ___)| |_)| | | | | || (_| |  ) ) ) )
  '  |____| .__|_| |_|_| |_\__, | / / / /
 =========|_|==============|___/=/_/_/_/

 :: Spring Boot ::                (v3.3.4)

2024-10-16T17:02:43.305+03:00  INFO 4396 --- [springBootFinalProject] [           main] s.SpringBootFinalProjectApplicationTests : Starting SpringBootFinalProjectApplicationTests using Java 17.0.11 with PID 4396 (started by Nikita in D:\Programming\ee-projects\springBootFinalProject)
2024-10-16T17:02:43.306+03:00  INFO 4396 --- [springBootFinalProject] [           main] s.SpringBootFinalProjectApplicationTests : No active profile set, falling back to 1 default profile: "default"
2024-10-16T17:02:43.818+03:00  INFO 4396 --- [springBootFinalProject] [           main] .s.d.r.c.RepositoryConfigurationDelegate : Bootstrapping Spring Data JPA repositories in DEFAULT mode.
2024-10-16T17:02:43.874+03:00  INFO 4396 --- [springBootFinalProject] [           main] .s.d.r.c.RepositoryConfigurationDelegate : Finished Spring Data repository scanning in 51 ms. Found 1 JPA repository interface.
2024-10-16T17:02:44.280+03:00  INFO 4396 --- [springBootFinalProject] [           main] o.hibernate.jpa.internal.util.LogHelper  : HHH000204: Processing PersistenceUnitInfo [name: default]
2024-10-16T17:02:44.329+03:00  INFO 4396 --- [springBootFinalProject] [           main] org.hibernate.Version                    : HHH000412: Hibernate ORM core version 6.5.3.Final
2024-10-16T17:02:44.354+03:00  INFO 4396 --- [springBootFinalProject] [           main] o.h.c.internal.RegionFactoryInitiator    : HHH000026: Second-level cache disabled
2024-10-16T17:02:44.663+03:00  INFO 4396 --- [springBootFinalProject] [           main] o.s.o.j.p.SpringPersistenceUnitInfo      : No LoadTimeWeaver setup: ignoring JPA class transformer
2024-10-16T17:02:44.690+03:00  INFO 4396 --- [springBootFinalProject] [           main] com.zaxxer.hikari.HikariDataSource       : HikariPool-1 - Starting...
2024-10-16T17:02:44.839+03:00  INFO 4396 --- [springBootFinalProject] [           main] com.zaxxer.hikari.pool.HikariPool        : HikariPool-1 - Added connection com.mysql.cj.jdbc.ConnectionImpl@1410d645
2024-10-16T17:02:44.842+03:00  INFO 4396 --- [springBootFinalProject] [           main] com.zaxxer.hikari.HikariDataSource       : HikariPool-1 - Start completed.
2024-10-16T17:02:44.884+03:00  WARN 4396 --- [springBootFinalProject] [           main] org.hibernate.dialect.Dialect            : HHH000511: The 5.6.43 version for [org.hibernate.dialect.MySQLDialect] is no longer supported, hence certain features may not work properly. The minimum supported version is 8.0.0. Check the community dialects project for available legacy versions.
2024-10-16T17:02:45.694+03:00  INFO 4396 --- [springBootFinalProject] [           main] o.h.e.t.j.p.i.JtaPlatformInitiator       : HHH000489: No JTA platform available (set 'hibernate.transaction.jta.platform' to enable JTA platform integration)
2024-10-16T17:02:45.817+03:00  INFO 4396 --- [springBootFinalProject] [           main] j.LocalContainerEntityManagerFactoryBean : Initialized JPA EntityManagerFactory for persistence unit 'default'
2024-10-16T17:02:45.963+03:00  WARN 4396 --- [springBootFinalProject] [           main] JpaBaseConfiguration$JpaWebConfiguration : spring.jpa.open-in-view is enabled by default. Therefore, database queries may be performed during view rendering. Explicitly configure spring.jpa.open-in-view to disable this warning
2024-10-16T17:02:46.027+03:00  INFO 4396 --- [springBootFinalProject] [           main] o.s.b.a.w.s.WelcomePageHandlerMapping    : Adding welcome page template: index
2024-10-16T17:02:46.896+03:00  WARN 4396 --- [springBootFinalProject] [           main] .s.s.UserDetailsServiceAutoConfiguration : 

Using generated security password: 0c54accd-9317-4fa0-b38f-4c064905ef99

This generated password is for development use only. Your security configuration must be updated before running your application in production.

2024-10-16T17:02:46.918+03:00  INFO 4396 --- [springBootFinalProject] [           main] r$InitializeUserDetailsManagerConfigurer : Global AuthenticationManager configured with UserDetailsService bean with name inMemoryUserDetailsManager
2024-10-16T17:02:47.136+03:00  INFO 4396 --- [springBootFinalProject] [           main] s.SpringBootFinalProjectApplicationTests : Started SpringBootFinalProjectApplicationTests in 4.02 seconds (process running for 4.75)
]]></system-out>
  </testcase>
</testsuite>